<?xml version="1.0" encoding="UTF-8"?>
<!-- Generated by org.testng.reporters.JUnitXMLReporter -->
<testsuite hostname="A210295081" name="Test" tests="1" failures="1" timestamp="21 Dec 2018 17:52:20 GMT" time="212.323" errors="0">
  <testcase name="SnapWorksTest" time="207.282" classname="com.snapworks.tests.SnapWorksClientFullTest">
    <failure type="java.lang.AssertionError" message="NO Opened Employment or Add New Button is not working expected [true] but found [false]">
      <![CDATA[java.lang.AssertionError: NO Opened Employment or Add New Button is not working expected [true] but found [false]
	at com.snapworks.tests.SnapWorksClientFullTest.SnapWorksTest(SnapWorksClientFullTest.java:327)
... Removed 27 stack frames]]>
    </failure>
  </testcase> <!-- SnapWorksTest -->
</testsuite> <!-- Test -->
